[INFO  - 2015-10-19T04:00:34.381Z] GhostDriver - Main - running on port 59970
[INFO  - 2015-10-19T04:00:35.064Z] Session [f3288d20-7615-11e5-9e42-639d339bda67] - page.settings - {"XSSAuditingEnabled":false,"javascriptCanCloseWindows":true,"javascriptCanOpenWindows":true,"javascriptEnabled":true,"loadImages":true,"localToRemoteUrlAccessEnabled":false,"userAgent":"Mozilla/5.0 (Macintosh; Intel Mac OS X) AppleWebKit/538.1 (KHTML, like Gecko) PhantomJS/2.0.0 Safari/538.1","webSecurityEnabled":true}
[INFO  - 2015-10-19T04:00:35.064Z] Session [f3288d20-7615-11e5-9e42-639d339bda67] - page.customHeaders:  - {}
[INFO  - 2015-10-19T04:00:35.064Z] Session [f3288d20-7615-11e5-9e42-639d339bda67] - Session.negotiatedCapabilities - {"browserName":"phantomjs","version":"2.0.0","driverName":"ghostdriver","driverVersion":"1.2.0","platform":"mac-10.9 (Mavericks)-64bit","javascriptEnabled":true,"takesScreenshot":true,"handlesAlerts":false,"databaseEnabled":false,"locationContextEnabled":false,"applicationCacheEnabled":false,"browserConnectionEnabled":false,"cssSelectorsEnabled":true,"webStorageEnabled":false,"rotatable":false,"acceptSslCerts":false,"nativeEvents":true,"proxy":{"proxyType":"direct"}}
[INFO  - 2015-10-19T04:00:35.064Z] SessionManagerReqHand - _postNewSessionCommand - New Session Created: f3288d20-7615-11e5-9e42-639d339bda67
[ERROR - 2015-10-19T04:00:43.900Z] Session [f3288d20-7615-11e5-9e42-639d339bda67] - page.onError - msg: RangeError: Maximum call stack size exceeded.

  :262 in error
[ERROR - 2015-10-19T04:00:43.900Z] Session [f3288d20-7615-11e5-9e42-639d339bda67] - page.onError - stack:
  (anonymous function) (undefined:203)
  zoomRange_changed (:203)
  tb (http://maps.google.com/maps-api-v3/api/js/22/9a/main.js:14)
  set (http://maps.google.com/maps-api-v3/api/js/22/9a/main.js:13)
  (anonymous function) (http://maps.google.com/maps-api-v3/api/js/22/9a/main.js:22)
  zoomRange_changed (:203)
  tb (http://maps.google.com/maps-api-v3/api/js/22/9a/main.js:14)
  set (http://maps.google.com/maps-api-v3/api/js/22/9a/main.js:13)
  (anonymous function) (http://maps.google.com/maps-api-v3/api/js/22/9a/main.js:22)
  zoomRange_changed (:203)
  tb (http://maps.google.com/maps-api-v3/api/js/22/9a/main.js:14)
  set (http://maps.google.com/maps-api-v3/api/js/22/9a/main.js:13)
  (anonymous function) (http://maps.google.com/maps-api-v3/api/js/22/9a/main.js:22)
  zoomRange_changed (:203)
  tb (http://maps.google.com/maps-api-v3/api/js/22/9a/main.js:14)
  set (http://maps.google.com/maps-api-v3/api/js/22/9a/main.js:13)
  (anonymous function) (http://maps.google.com/maps-api-v3/api/js/22/9a/main.js:22)
  zoomRange_changed (:203)
  tb (http://maps.google.com/maps-api-v3/api/js/22/9a/main.js:14)
  set (http://maps.google.com/maps-api-v3/api/js/22/9a/main.js:13)
  (anonymous function) (http://maps.google.com/maps-api-v3/api/js/22/9a/main.js:22)
  zoomRange_changed (:203)
  tb (http://maps.google.com/maps-api-v3/api/js/22/9a/main.js:14)
  set (http://maps.google.com/maps-api-v3/api/js/22/9a/main.js:13)
  (anonymous function) (http://maps.google.com/maps-api-v3/api/js/22/9a/main.js:22)
  zoomRange_changed (:203)
  tb (http://maps.google.com/maps-api-v3/api/js/22/9a/main.js:14)
  set (http://maps.google.com/maps-api-v3/api/js/22/9a/main.js:13)
  (anonymous function) (http://maps.google.com/maps-api-v3/api/js/22/9a/main.js:22)
  zoomRange_changed (:203)
  tb (http://maps.google.com/maps-api-v3/api/js/22/9a/main.js:14)
  set (http://maps.google.com/maps-api-v3/api/js/22/9a/main.js:13)
  (anonymous function) (http://maps.google.com/maps-api-v3/api/js/22/9a/main.js:22)
  zoomRange_changed (:203)
  tb (http://maps.google.com/maps-api-v3/api/js/22/9a/main.js:14)
  set (http://maps.google.com/maps-api-v3/api/js/22/9a/main.js:13)
  (anonymous function) (http://maps.google.com/maps-api-v3/api/js/22/9a/main.js:22)
  zoomRange_changed (:203)
  tb (http://maps.google.com/maps-api-v3/api/js/22/9a/main.js:14)
  set (http://maps.google.com/maps-api-v3/api/js/22/9a/main.js:13)
  (anonymous function) (http://maps.google.com/maps-api-v3/api/js/22/9a/main.js:22)
  zoomRange_changed (:203)
  tb (http://maps.google.com/maps-api-v3/api/js/22/9a/main.js:14)
  set (http://maps.google.com/maps-api-v3/api/js/22/9a/main.js:13)
  (anonymous function) (http://maps.google.com/maps-api-v3/api/js/22/9a/main.js:22)
  zoomRange_changed (:203)
  tb (http://maps.google.com/maps-api-v3/api/js/22/9a/main.js:14)
  set (http://maps.google.com/maps-api-v3/api/js/22/9a/main.js:13)
  (anonymous function) (http://maps.google.com/maps-api-v3/api/js/22/9a/main.js:22)
  zoomRange_changed (:203)
  tb (http://maps.google.com/maps-api-v3/api/js/22/9a/main.js:14)
  set (http://maps.google.com/maps-api-v3/api/js/22/9a/main.js:13)
  (anonymous function) (http://maps.google.com/maps-api-v3/api/js/22/9a/main.js:22)
  zoomRange_changed (:203)
  tb (http://maps.google.com/maps-api-v3/api/js/22/9a/main.js:14)
  set (http://maps.google.com/maps-api-v3/api/js/22/9a/main.js:13)
  (anonymous function) (http://maps.google.com/maps-api-v3/api/js/22/9a/main.js:22)
  zoomRange_changed (:203)
  tb (http://maps.google.com/maps-api-v3/api/js/22/9a/main.js:14)
  set (http://maps.google.com/maps-api-v3/api/js/22/9a/main.js:13)
  (anonymous function) (http://maps.google.com/maps-api-v3/api/js/22/9a/main.js:22)
  zoomRange_changed (:203)
  tb (http://maps.google.com/maps-api-v3/api/js/22/9a/main.js:14)
  set (http://maps.google.com/maps-api-v3/api/js/22/9a/main.js:13)
  (anonymous function) (http://maps.google.com/maps-api-v3/api/js/22/9a/main.js:22)
  zoomRange_changed (:203)
  tb (http://maps.google.com/maps-api-v3/api/js/22/9a/main.js:14)
  set (http://maps.google.com/maps-api-v3/api/js/22/9a/main.js:13)
  (anonymous function) (http://maps.google.com/maps-api-v3/api/js/22/9a/main.js:22)
  zoomRange_changed (:203)
  tb (http://maps.google.com/maps-api-v3/api/js/22/9a/main.js:14)
  set (http://maps.google.com/maps-api-v3/api/js/22/9a/main.js:13)
  (anonymous function) (http://maps.google.com/maps-api-v3/api/js/22/9a/main.js:22)
  zoomRange_changed (:203)
  tb (http://maps.google.com/maps-api-v3/api/js/22/9a/main.js:14)
  set (http://maps.google.com/maps-api-v3/api/js/22/9a/main.js:13)
  (anonymous function) (http://maps.google.com/maps-api-v3/api/js/22/9a/main.js:22)
  zoomRange_changed (:203)
  tb (http://maps.google.com/maps-api-v3/api/js/22/9a/main.js:14)
  set (http://maps.google.com/maps-api-v3/api/js/22/9a/main.js:13)
  (anonymous function) (http://maps.google.com/maps-api-v3/api/js/22/9a/main.js:22)
  zoomRange_changed (:203)
  tb (http://maps.google.com/maps-api-v3/api/js/22/9a/main.js:14)
  set (http://maps.google.com/maps-api-v3/api/js/22/9a/main.js:13)
  (anonymous function) (http://maps.google.com/maps-api-v3/api/js/22/9a/main.js:22)
  zoomRange_changed (:203)
  tb (http://maps.google.com/maps-api-v3/api/js/22/9a/main.js:14)
  set (http://maps.google.com/maps-api-v3/api/js/22/9a/main.js:13)
  (anonymous function) (http://maps.google.com/maps-api-v3/api/js/22/9a/main.js:22)
  zoomRange_changed (:203)
  tb (http://maps.google.com/maps-api-v3/api/js/22/9a/main.js:14)
  set (http://maps.google.com/maps-api-v3/api/js/22/9a/main.js:13)
  (anonymous function) (http://maps.google.com/maps-api-v3/api/js/22/9a/main.js:22)
  zoomRange_changed (:203)
  tb (http://maps.google.com/maps-api-v3/api/js/22/9a/main.js:14)
  set (http://maps.google.com/maps-api-v3/api/js/22/9a/main.js:13)
  (anonymous function) (http://maps.google.com/maps-api-v3/api/js/22/9a/main.js:22)
  zoomRange_changed (:203)
  tb (http://maps.google.com/maps-api-v3/api/js/22/9a/main.js:14)
  set (http://maps.google.com/maps-api-v3/api/js/22/9a/main.js:13)
  (anonymous function) (http://maps.google.com/maps-api-v3/api/js/22/9a/main.js:22)
  zoomRange_changed (:203)
  tb (http://maps.google.com/maps-api-v3/api/js/22/9a/main.js:14)
  set (http://maps.google.com/maps-api-v3/api/js/22/9a/main.js:13)
  (anonymous function) (http://maps.google.com/maps-api-v3/api/js/22/9a/main.js:22)
  zoomRange_changed (:203)
  tb (http://maps.google.com/maps-api-v3/api/js/22/9a/main.js:14)
  set (http://maps.google.com/maps-api-v3/api/js/22/9a/main.js:13)
  (anonymous function) (http://maps.google.com/maps-api-v3/api/js/22/9a/main.js:22)
  zoomRange_changed (:203)
  tb (http://maps.google.com/maps-api-v3/api/js/22/9a/main.js:14)
  set (http://maps.google.com/maps-api-v3/api/js/22/9a/main.js:13)
  (anonymous function) (http://maps.google.com/maps-api-v3/api/js/22/9a/main.js:22)
  zoomRange_changed (:203)
  tb (http://maps.google.com/maps-api-v3/api/js/22/9a/main.js:14)
  set (http://maps.google.com/maps-api-v3/api/js/22/9a/main.js:13)
  (anonymous function) (http://maps.google.com/maps-api-v3/api/js/22/9a/main.js:22)
  zoomRange_changed (:203)
  tb (http://maps.google.com/maps-api-v3/api/js/22/9a/main.js:14)
  set (http://maps.google.com/maps-api-v3/api/js/22/9a/main.js:13)
  (anonymous function) (http://maps.google.com/maps-api-v3/api/js/22/9a/main.js:22)
  zoomRange_changed (:203)
  tb (http://maps.google.com/maps-api-v3/api/js/22/9a/main.js:14)
  set (http://maps.google.com/maps-api-v3/api/js/22/9a/main.js:13)
  (anonymous function) (http://maps.google.com/maps-api-v3/api/js/22/9a/main.js:22)
  zoomRange_changed (:203)
  tb (http://maps.google.com/maps-api-v3/api/js/22/9a/main.js:14)
  set (http://maps.google.com/maps-api-v3/api/js/22/9a/main.js:13)
  (anonymous function) (http://maps.google.com/maps-api-v3/api/js/22/9a/main.js:22)
  zoomRange_changed (:203)
  tb (http://maps.google.com/maps-api-v3/api/js/22/9a/main.js:14)
  set (http://maps.google.com/maps-api-v3/api/js/22/9a/main.js:13)
  (anonymous function) (http://maps.google.com/maps-api-v3/api/js/22/9a/main.js:22)
  zoomRange_changed (:203)
  tb (http://maps.google.com/maps-api-v3/api/js/22/9a/main.js:14)
  set (http://maps.google.com/maps-api-v3/api/js/22/9a/main.js:13)
  (anonymous function) (http://maps.google.com/maps-api-v3/api/js/22/9a/main.js:22)
  zoomRange_changed (:203)
  tb (http://maps.google.com/maps-api-v3/api/js/22/9a/main.js:14)
  set (http://maps.google.com/maps-api-v3/api/js/22/9a/main.js:13)
  (anonymous function) (http://maps.google.com/maps-api-v3/api/js/22/9a/main.js:22)
  zoomRange_changed (:203)
  tb (http://maps.google.com/maps-api-v3/api/js/22/9a/main.js:14)
  set (http://maps.google.com/maps-api-v3/api/js/22/9a/main.js:13)
  (anonymous function) (http://maps.google.com/maps-api-v3/api/js/22/9a/main.js:22)
  zoomRange_changed (:203)
  tb (http://maps.google.com/maps-api-v3/api/js/22/9a/main.js:14)
  set (http://maps.google.com/maps-api-v3/api/js/22/9a/main.js:13)
  (anonymous function) (http://maps.google.com/maps-api-v3/api/js/22/9a/main.js:22)
  zoomRange_changed (:203)
  tb (http://maps.google.com/maps-api-v3/api/js/22/9a/main.js:14)
  set (http://maps.google.com/maps-api-v3/api/js/22/9a/main.js:13)
  (anonymous function) (http://maps.google.com/maps-api-v3/api/js/22/9a/main.js:22)
  zoomRange_changed (:203)
  tb (http://maps.google.com/maps-api-v3/api/js/22/9a/main.js:14)
  set (http://maps.google.com/maps-api-v3/api/js/22/9a/main.js:13)
  (anonymous function) (http://maps.google.com/maps-api-v3/api/js/22/9a/main.js:22)
  zoomRange_changed (:203)
  tb (http://maps.google.com/maps-api-v3/api/js/22/9a/main.js:14)
  set (http://maps.google.com/maps-api-v3/api/js/22/9a/main.js:13)
  (anonymous function) (http://maps.google.com/maps-api-v3/api/js/22/9a/main.js:22)
  zoomRange_changed (:203)
  tb (http://maps.google.com/maps-api-v3/api/js/22/9a/main.js:14)
  set (http://maps.google.com/maps-api-v3/api/js/22/9a/main.js:13)
  (anonymous function) (http://maps.google.com/maps-api-v3/api/js/22/9a/main.js:22)
  zoomRange_changed (:203)
  tb (http://maps.google.com/maps-api-v3/api/js/22/9a/main.js:14)
  set (http://maps.google.com/maps-api-v3/api/js/22/9a/main.js:13)
  (anonymous function) (http://maps.google.com/maps-api-v3/api/js/22/9a/main.js:22)
  zoomRange_changed (:203)
  tb (http://maps.google.com/maps-api-v3/api/js/22/9a/main.js:14)
  set (http://maps.google.com/maps-api-v3/api/js/22/9a/main.js:13)
  (anonymous function) (http://maps.google.com/maps-api-v3/api/js/22/9a/main.js:22)
  zoomRange_changed (:203)
  tb (http://maps.google.com/maps-api-v3/api/js/22/9a/main.js:14)
  set (http://maps.google.com/maps-api-v3/api/js/22/9a/main.js:13)
  (anonymous function) (http://maps.google.com/maps-api-v3/api/js/22/9a/main.js:22)
  zoomRange_changed (:203)
  tb (http://maps.google.com/maps-api-v3/api/js/22/9a/main.js:14)
  set (http://maps.google.com/maps-api-v3/api/js/22/9a/main.js:13)
  (anonymous function) (http://maps.google.com/maps-api-v3/api/js/22/9a/main.js:22)
  zoomRange_changed (:203)
  tb (http://maps.google.com/maps-api-v3/api/js/22/9a/main.js:14)
  set (http://maps.google.com/maps-api-v3/api/js/22/9a/main.js:13)
  (anonymous function) (http://maps.google.com/maps-api-v3/api/js/22/9a/main.js:22)
  zoomRange_changed (:203)
  tb (http://maps.google.com/maps-api-v3/api/js/22/9a/main.js:14)
  set (http://maps.google.com/maps-api-v3/api/js/22/9a/main.js:13)
  (anonymous function) (http://maps.google.com/maps-api-v3/api/js/22/9a/main.js:22)
  zoomRange_changed (:203)
  tb (http://maps.google.com/maps-api-v3/api/js/22/9a/main.js:14)
  set (http://maps.google.com/maps-api-v3/api/js/22/9a/main.js:13)
  (anonymous function) (http://maps.google.com/maps-api-v3/api/js/22/9a/main.js:22)
  zoomRange_changed (:203)
  tb (http://maps.google.com/maps-api-v3/api/js/22/9a/main.js:14)
  set (http://maps.google.com/maps-api-v3/api/js/22/9a/main.js:13)
  (anonymous function) (http://maps.google.com/maps-api-v3/api/js/22/9a/main.js:22)
  zoomRange_changed (:203)
  tb (http://maps.google.com/maps-api-v3/api/js/22/9a/main.js:14)
  set (http://maps.google.com/maps-api-v3/api/js/22/9a/main.js:13)

  :262 in error
[ERROR - 2015-10-19T04:00:43.950Z] Session [f3288d20-7615-11e5-9e42-639d339bda67] - page.onError - msg: RangeError: Maximum call stack size exceeded.

  :262 in error
[ERROR - 2015-10-19T04:00:43.950Z] Session [f3288d20-7615-11e5-9e42-639d339bda67] - page.onError - stack:
  get (http://maps.google.com/maps-api-v3/api/js/22/9a/main.js:13)
  zoomRange_changed (:203)
  tb (http://maps.google.com/maps-api-v3/api/js/22/9a/main.js:14)
  set (http://maps.google.com/maps-api-v3/api/js/22/9a/main.js:13)
  (anonymous function) (http://maps.google.com/maps-api-v3/api/js/22/9a/main.js:22)
  zoomRange_changed (:203)
  tb (http://maps.google.com/maps-api-v3/api/js/22/9a/main.js:14)
  set (http://maps.google.com/maps-api-v3/api/js/22/9a/main.js:13)
  (anonymous function) (http://maps.google.com/maps-api-v3/api/js/22/9a/main.js:22)
  zoomRange_changed (:203)
  tb (http://maps.google.com/maps-api-v3/api/js/22/9a/main.js:14)
  set (http://maps.google.com/maps-api-v3/api/js/22/9a/main.js:13)
  (anonymous function) (http://maps.google.com/maps-api-v3/api/js/22/9a/main.js:22)
  zoomRange_changed (:203)
  tb (http://maps.google.com/maps-api-v3/api/js/22/9a/main.js:14)
  set (http://maps.google.com/maps-api-v3/api/js/22/9a/main.js:13)
  (anonymous function) (http://maps.google.com/maps-api-v3/api/js/22/9a/main.js:22)
  zoomRange_changed (:203)
  tb (http://maps.google.com/maps-api-v3/api/js/22/9a/main.js:14)
  set (http://maps.google.com/maps-api-v3/api/js/22/9a/main.js:13)
  (anonymous function) (http://maps.google.com/maps-api-v3/api/js/22/9a/main.js:22)
  zoomRange_changed (:203)
  tb (http://maps.google.com/maps-api-v3/api/js/22/9a/main.js:14)
  set (http://maps.google.com/maps-api-v3/api/js/22/9a/main.js:13)
  (anonymous function) (http://maps.google.com/maps-api-v3/api/js/22/9a/main.js:22)
  zoomRange_changed (:203)
  tb (http://maps.google.com/maps-api-v3/api/js/22/9a/main.js:14)
  set (http://maps.google.com/maps-api-v3/api/js/22/9a/main.js:13)
  (anonymous function) (http://maps.google.com/maps-api-v3/api/js/22/9a/main.js:22)
  zoomRange_changed (:203)
  tb (http://maps.google.com/maps-api-v3/api/js/22/9a/main.js:14)
  set (http://maps.google.com/maps-api-v3/api/js/22/9a/main.js:13)
  (anonymous function) (http://maps.google.com/maps-api-v3/api/js/22/9a/main.js:22)
  zoomRange_changed (:203)
  tb (http://maps.google.com/maps-api-v3/api/js/22/9a/main.js:14)
  set (http://maps.google.com/maps-api-v3/api/js/22/9a/main.js:13)
  (anonymous function) (http://maps.google.com/maps-api-v3/api/js/22/9a/main.js:22)
  zoomRange_changed (:203)
  tb (http://maps.google.com/maps-api-v3/api/js/22/9a/main.js:14)
  set (http://maps.google.com/maps-api-v3/api/js/22/9a/main.js:13)
  (anonymous function) (http://maps.google.com/maps-api-v3/api/js/22/9a/main.js:22)
  zoomRange_changed (:203)
  tb (http://maps.google.com/maps-api-v3/api/js/22/9a/main.js:14)
  set (http://maps.google.com/maps-api-v3/api/js/22/9a/main.js:13)
  (anonymous function) (http://maps.google.com/maps-api-v3/api/js/22/9a/main.js:22)
  zoomRange_changed (:203)
  tb (http://maps.google.com/maps-api-v3/api/js/22/9a/main.js:14)
  set (http://maps.google.com/maps-api-v3/api/js/22/9a/main.js:13)
  (anonymous function) (http://maps.google.com/maps-api-v3/api/js/22/9a/main.js:22)
  zoomRange_changed (:203)
  tb (http://maps.google.com/maps-api-v3/api/js/22/9a/main.js:14)
  set (http://maps.google.com/maps-api-v3/api/js/22/9a/main.js:13)
  (anonymous function) (http://maps.google.com/maps-api-v3/api/js/22/9a/main.js:22)
  zoomRange_changed (:203)
  tb (http://maps.google.com/maps-api-v3/api/js/22/9a/main.js:14)
  set (http://maps.google.com/maps-api-v3/api/js/22/9a/main.js:13)
  (anonymous function) (http://maps.google.com/maps-api-v3/api/js/22/9a/main.js:22)
  zoomRange_changed (:203)
  tb (http://maps.google.com/maps-api-v3/api/js/22/9a/main.js:14)
  set (http://maps.google.com/maps-api-v3/api/js/22/9a/main.js:13)
  (anonymous function) (http://maps.google.com/maps-api-v3/api/js/22/9a/main.js:22)
  zoomRange_changed (:203)
  tb (http://maps.google.com/maps-api-v3/api/js/22/9a/main.js:14)
  set (http://maps.google.com/maps-api-v3/api/js/22/9a/main.js:13)
  (anonymous function) (http://maps.google.com/maps-api-v3/api/js/22/9a/main.js:22)
  zoomRange_changed (:203)
  tb (http://maps.google.com/maps-api-v3/api/js/22/9a/main.js:14)
  set (http://maps.google.com/maps-api-v3/api/js/22/9a/main.js:13)
  (anonymous function) (http://maps.google.com/maps-api-v3/api/js/22/9a/main.js:22)
  zoomRange_changed (:203)
  tb (http://maps.google.com/maps-api-v3/api/js/22/9a/main.js:14)
  set (http://maps.google.com/maps-api-v3/api/js/22/9a/main.js:13)
  (anonymous function) (http://maps.google.com/maps-api-v3/api/js/22/9a/main.js:22)
  zoomRange_changed (:203)
  tb (http://maps.google.com/maps-api-v3/api/js/22/9a/main.js:14)
  set (http://maps.google.com/maps-api-v3/api/js/22/9a/main.js:13)
  (anonymous function) (http://maps.google.com/maps-api-v3/api/js/22/9a/main.js:22)
  zoomRange_changed (:203)
  tb (http://maps.google.com/maps-api-v3/api/js/22/9a/main.js:14)
  set (http://maps.google.com/maps-api-v3/api/js/22/9a/main.js:13)
  (anonymous function) (http://maps.google.com/maps-api-v3/api/js/22/9a/main.js:22)
  zoomRange_changed (:203)
  tb (http://maps.google.com/maps-api-v3/api/js/22/9a/main.js:14)
  set (http://maps.google.com/maps-api-v3/api/js/22/9a/main.js:13)
  (anonymous function) (http://maps.google.com/maps-api-v3/api/js/22/9a/main.js:22)
  zoomRange_changed (:203)
  tb (http://maps.google.com/maps-api-v3/api/js/22/9a/main.js:14)
  set (http://maps.google.com/maps-api-v3/api/js/22/9a/main.js:13)
  (anonymous function) (http://maps.google.com/maps-api-v3/api/js/22/9a/main.js:22)
  zoomRange_changed (:203)
  tb (http://maps.google.com/maps-api-v3/api/js/22/9a/main.js:14)
  set (http://maps.google.com/maps-api-v3/api/js/22/9a/main.js:13)
  (anonymous function) (http://maps.google.com/maps-api-v3/api/js/22/9a/main.js:22)
  zoomRange_changed (:203)
  tb (http://maps.google.com/maps-api-v3/api/js/22/9a/main.js:14)
  set (http://maps.google.com/maps-api-v3/api/js/22/9a/main.js:13)
  (anonymous function) (http://maps.google.com/maps-api-v3/api/js/22/9a/main.js:22)
  zoomRange_changed (:203)
  tb (http://maps.google.com/maps-api-v3/api/js/22/9a/main.js:14)
  set (http://maps.google.com/maps-api-v3/api/js/22/9a/main.js:13)
  (anonymous function) (http://maps.google.com/maps-api-v3/api/js/22/9a/main.js:22)
  zoomRange_changed (:203)
  tb (http://maps.google.com/maps-api-v3/api/js/22/9a/main.js:14)
  set (http://maps.google.com/maps-api-v3/api/js/22/9a/main.js:13)
  (anonymous function) (http://maps.google.com/maps-api-v3/api/js/22/9a/main.js:22)
  zoomRange_changed (:203)
  tb (http://maps.google.com/maps-api-v3/api/js/22/9a/main.js:14)
  set (http://maps.google.com/maps-api-v3/api/js/22/9a/main.js:13)
  (anonymous function) (http://maps.google.com/maps-api-v3/api/js/22/9a/main.js:22)
  zoomRange_changed (:203)
  tb (http://maps.google.com/maps-api-v3/api/js/22/9a/main.js:14)
  set (http://maps.google.com/maps-api-v3/api/js/22/9a/main.js:13)
  (anonymous function) (http://maps.google.com/maps-api-v3/api/js/22/9a/main.js:22)
  zoomRange_changed (:203)
  tb (http://maps.google.com/maps-api-v3/api/js/22/9a/main.js:14)
  set (http://maps.google.com/maps-api-v3/api/js/22/9a/main.js:13)
  (anonymous function) (http://maps.google.com/maps-api-v3/api/js/22/9a/main.js:22)
  zoomRange_changed (:203)
  tb (http://maps.google.com/maps-api-v3/api/js/22/9a/main.js:14)
  set (http://maps.google.com/maps-api-v3/api/js/22/9a/main.js:13)
  (anonymous function) (http://maps.google.com/maps-api-v3/api/js/22/9a/main.js:22)
  zoomRange_changed (:203)
  tb (http://maps.google.com/maps-api-v3/api/js/22/9a/main.js:14)
  set (http://maps.google.com/maps-api-v3/api/js/22/9a/main.js:13)
  (anonymous function) (http://maps.google.com/maps-api-v3/api/js/22/9a/main.js:22)
  zoomRange_changed (:203)
  tb (http://maps.google.com/maps-api-v3/api/js/22/9a/main.js:14)
  set (http://maps.google.com/maps-api-v3/api/js/22/9a/main.js:13)
  (anonymous function) (http://maps.google.com/maps-api-v3/api/js/22/9a/main.js:22)
  zoomRange_changed (:203)
  tb (http://maps.google.com/maps-api-v3/api/js/22/9a/main.js:14)
  set (http://maps.google.com/maps-api-v3/api/js/22/9a/main.js:13)
  (anonymous function) (http://maps.google.com/maps-api-v3/api/js/22/9a/main.js:22)
  zoomRange_changed (:203)
  tb (http://maps.google.com/maps-api-v3/api/js/22/9a/main.js:14)
  set (http://maps.google.com/maps-api-v3/api/js/22/9a/main.js:13)
  (anonymous function) (http://maps.google.com/maps-api-v3/api/js/22/9a/main.js:22)
  zoomRange_changed (:203)
  tb (http://maps.google.com/maps-api-v3/api/js/22/9a/main.js:14)
  set (http://maps.google.com/maps-api-v3/api/js/22/9a/main.js:13)
  (anonymous function) (http://maps.google.com/maps-api-v3/api/js/22/9a/main.js:22)
  zoomRange_changed (:203)
  tb (http://maps.google.com/maps-api-v3/api/js/22/9a/main.js:14)
  set (http://maps.google.com/maps-api-v3/api/js/22/9a/main.js:13)
  (anonymous function) (http://maps.google.com/maps-api-v3/api/js/22/9a/main.js:22)
  zoomRange_changed (:203)
  tb (http://maps.google.com/maps-api-v3/api/js/22/9a/main.js:14)
  set (http://maps.google.com/maps-api-v3/api/js/22/9a/main.js:13)
  (anonymous function) (http://maps.google.com/maps-api-v3/api/js/22/9a/main.js:22)
  zoomRange_changed (:203)
  tb (http://maps.google.com/maps-api-v3/api/js/22/9a/main.js:14)
  set (http://maps.google.com/maps-api-v3/api/js/22/9a/main.js:13)
  (anonymous function) (http://maps.google.com/maps-api-v3/api/js/22/9a/main.js:22)
  zoomRange_changed (:203)
  tb (http://maps.google.com/maps-api-v3/api/js/22/9a/main.js:14)
  set (http://maps.google.com/maps-api-v3/api/js/22/9a/main.js:13)
  (anonymous function) (http://maps.google.com/maps-api-v3/api/js/22/9a/main.js:22)
  zoomRange_changed (:203)
  tb (http://maps.google.com/maps-api-v3/api/js/22/9a/main.js:14)
  set (http://maps.google.com/maps-api-v3/api/js/22/9a/main.js:13)
  (anonymous function) (http://maps.google.com/maps-api-v3/api/js/22/9a/main.js:22)
  zoomRange_changed (:203)
  tb (http://maps.google.com/maps-api-v3/api/js/22/9a/main.js:14)
  set (http://maps.google.com/maps-api-v3/api/js/22/9a/main.js:13)
  (anonymous function) (http://maps.google.com/maps-api-v3/api/js/22/9a/main.js:22)
  zoomRange_changed (:203)
  tb (http://maps.google.com/maps-api-v3/api/js/22/9a/main.js:14)
  set (http://maps.google.com/maps-api-v3/api/js/22/9a/main.js:13)
  (anonymous function) (http://maps.google.com/maps-api-v3/api/js/22/9a/main.js:22)
  zoomRange_changed (:203)
  tb (http://maps.google.com/maps-api-v3/api/js/22/9a/main.js:14)
  set (http://maps.google.com/maps-api-v3/api/js/22/9a/main.js:13)
  (anonymous function) (http://maps.google.com/maps-api-v3/api/js/22/9a/main.js:22)
  zoomRange_changed (:203)
  tb (http://maps.google.com/maps-api-v3/api/js/22/9a/main.js:14)
  set (http://maps.google.com/maps-api-v3/api/js/22/9a/main.js:13)
  (anonymous function) (http://maps.google.com/maps-api-v3/api/js/22/9a/main.js:22)
  zoomRange_changed (:203)
  tb (http://maps.google.com/maps-api-v3/api/js/22/9a/main.js:14)
  set (http://maps.google.com/maps-api-v3/api/js/22/9a/main.js:13)
  (anonymous function) (http://maps.google.com/maps-api-v3/api/js/22/9a/main.js:22)
  zoomRange_changed (:203)
  tb (http://maps.google.com/maps-api-v3/api/js/22/9a/main.js:14)
  set (http://maps.google.com/maps-api-v3/api/js/22/9a/main.js:13)
  (anonymous function) (http://maps.google.com/maps-api-v3/api/js/22/9a/main.js:22)
  zoomRange_changed (:203)
  tb (http://maps.google.com/maps-api-v3/api/js/22/9a/main.js:14)
  set (http://maps.google.com/maps-api-v3/api/js/22/9a/main.js:13)
  (anonymous function) (http://maps.google.com/maps-api-v3/api/js/22/9a/main.js:22)
  zoomRange_changed (:203)
  tb (http://maps.google.com/maps-api-v3/api/js/22/9a/main.js:14)
  set (http://maps.google.com/maps-api-v3/api/js/22/9a/main.js:13)
  (anonymous function) (http://maps.google.com/maps-api-v3/api/js/22/9a/main.js:22)
  zoomRange_changed (:203)
  tb (http://maps.google.com/maps-api-v3/api/js/22/9a/main.js:14)
  set (http://maps.google.com/maps-api-v3/api/js/22/9a/main.js:13)
  (anonymous function) (http://maps.google.com/maps-api-v3/api/js/22/9a/main.js:22)
  zoomRange_changed (:203)
  tb (http://maps.google.com/maps-api-v3/api/js/22/9a/main.js:14)
  set (http://maps.google.com/maps-api-v3/api/js/22/9a/main.js:13)

  :262 in error
[ERROR - 2015-10-19T04:01:16.984Z] WebElementLocator - _handleLocateCommand - Element(s) NOT Found: GAVE UP. Search Stop Time: 1445227276947

  :262 in error
[ERROR - 2015-10-19T04:01:17.364Z] WebElementLocator - _handleLocateCommand - Element(s) NOT Found: GAVE UP. Search Stop Time: 1445227277332

  :262 in error
[INFO  - 2015-10-19T04:05:34.372Z] SessionManagerReqHand - _cleanupWindowlessSessions - Asynchronous Sessions clean-up phase starting NOW
[INFO  - 2015-10-19T04:10:34.363Z] SessionManagerReqHand - _cleanupWindowlessSessions - Asynchronous Sessions clean-up phase starting NOW
[INFO  - 2015-10-19T04:15:34.354Z] SessionManagerReqHand - _cleanupWindowlessSessions - Asynchronous Sessions clean-up phase starting NOW
[INFO  - 2015-10-19T04:20:34.346Z] SessionManagerReqHand - _cleanupWindowlessSessions - Asynchronous Sessions clean-up phase starting NOW
[INFO  - 2015-10-19T04:25:34.359Z] SessionManagerReqHand - _cleanupWindowlessSessions - Asynchronous Sessions clean-up phase starting NOW
[INFO  - 2015-10-19T04:30:34.350Z] SessionManagerReqHand - _cleanupWindowlessSessions - Asynchronous Sessions clean-up phase starting NOW
[INFO  - 2015-10-19T04:35:34.342Z] SessionManagerReqHand - _cleanupWindowlessSessions - Asynchronous Sessions clean-up phase starting NOW
[INFO  - 2015-10-19T04:40:34.333Z] SessionManagerReqHand - _cleanupWindowlessSessions - Asynchronous Sessions clean-up phase starting NOW
